<?xml version="1.0" encoding="UTF-8" ?>
<testsuite tests="0" failures="0" name="viedo.SpringAOPTest" time="0" errors="0" skipped="0">
  <properties>
    <property name="java.runtime.name" value="Java(TM) SE Runtime Environment"/>
    <property name="sun.boot.library.path" value="F:\java\jdk1.8\jre\bin"/>
    <property name="java.vm.version" value="25.144-b01"/>
    <property name="java.vm.vendor" value="Oracle Corporation"/>
    <property name="maven.multiModuleProjectDirectory" value="E:\workspace\viedo"/>
    <property name="java.vendor.url" value="http://java.oracle.com/"/>
    <property name="path.separator" value=";"/>
    <property name="guice.disable.misplaced.annotation.check" value="true"/>
    <property name="java.vm.name" value="Java HotSpot(TM) 64-Bit Server VM"/>
    <property name="file.encoding.pkg" value="sun.io"/>
    <property name="user.script" value=""/>
    <property name="user.country" value="CN"/>
    <property name="sun.java.launcher" value="SUN_STANDARD"/>
    <property name="sun.os.patch.level" value=""/>
    <property name="java.vm.specification.name" value="Java Virtual Machine Specification"/>
    <property name="user.dir" value="E:\workspace\viedo"/>
    <property name="java.runtime.version" value="1.8.0_144-b01"/>
    <property name="java.awt.graphicsenv" value="sun.awt.Win32GraphicsEnvironment"/>
    <property name="java.endorsed.dirs" value="F:\java\jdk1.8\jre\lib\endorsed"/>
    <property name="os.arch" value="amd64"/>
    <property name="java.io.tmpdir" value="C:\Users\dell\AppData\Local\Temp\"/>
    <property name="line.separator" value="
"/>
    <property name="java.vm.specification.vendor" value="Oracle Corporation"/>
    <property name="user.variant" value=""/>
    <property name="os.name" value="Windows 10"/>
    <property name="classworlds.conf" value="E:\workspace\.metadata\.plugins\org.eclipse.m2e.launching\launches\m2conf998790357254293676.tmp"/>
    <property name="sun.jnu.encoding" value="GBK"/>
    <property name="java.library.path" value="F:\java\jdk1.8\bin;C:\Windows\Sun\Java\bin;C:\Windows\system32;C:\Windows;F:/java/jdk1.8/bin/../jre/bin/server;F:/java/jdk1.8/bin/../jre/bin;F:/java/jdk1.8/bin/../jre/lib/amd64;E:\Program Files\Python37\Scripts\;E:\Program Files\Python37\;E:\Program Files (x86)\Oracle_instantclient_11_2;E:\Program Files\Python37\Scripts\;E:\Program Files\Python37\;E:\Program Files (x86)\Oracle_instantclient_11_2;E:\Program Files\Python37\Scripts\;E:\Program Files\Python37\;E:\Program Files (x86)\Oracle_instantclient_11_2;C:\Windows\System32;F:\java\jdk1.8\bin;F:\java\jdk1.8\jre\bin;F:\java\tomcat8\bin;C:\Program Files\Microsoft VS Code\bin;F:\java\apache-maven-3.5.0/bin;F:\java\jdk1.8\bin;F:\java\jdk1.8\jre\bin;F:\java\tomcat8\bin;C:\Program Files\Microsoft VS Code\bin;F:\java\apache-maven-3.5.0/bin;F:\java\jdk1.8\bin;F:\java\jdk1.8\jre\bin;F:\java\tomcat8\bin;C:\Program Files\Microsoft VS Code\bin;F:\java\apache-maven-3.5.0/bin;C:\Users\dell\AppData\Local\Microsoft\WindowsApps;;F:\java\eclipse_neon;;."/>
    <property name="java.specification.name" value="Java Platform API Specification"/>
    <property name="java.class.version" value="52.0"/>
    <property name="sun.management.compiler" value="HotSpot 64-Bit Tiered Compilers"/>
    <property name="os.version" value="10.0"/>
    <property name="library.jansi.path" value="F:\java\apache-maven-3.5.0\lib\jansi-native\windows64"/>
    <property name="user.home" value="C:\Users\dell"/>
    <property name="user.timezone" value="Asia/Shanghai"/>
    <property name="java.awt.printerjob" value="sun.awt.windows.WPrinterJob"/>
    <property name="java.specification.version" value="1.8"/>
    <property name="file.encoding" value="UTF-8"/>
    <property name="user.name" value="dell"/>
    <property name="java.class.path" value="F:\java\apache-maven-3.5.0\boot\plexus-classworlds-2.5.2.jar"/>
    <property name="java.vm.specification.version" value="1.8"/>
    <property name="sun.arch.data.model" value="64"/>
    <property name="java.home" value="F:\java\jdk1.8\jre"/>
    <property name="sun.java.command" value="org.codehaus.plexus.classworlds.launcher.Launcher -Pdev -B -s F:\.m2\settings.xml install"/>
    <property name="java.specification.vendor" value="Oracle Corporation"/>
    <property name="user.language" value="zh"/>
    <property name="awt.toolkit" value="sun.awt.windows.WToolkit"/>
    <property name="java.vm.info" value="mixed mode"/>
    <property name="java.version" value="1.8.0_144"/>
    <property name="java.ext.dirs" value="F:\java\jdk1.8\jre\lib\ext;C:\Windows\Sun\Java\lib\ext"/>
    <property name="sun.boot.class.path" value="F:\java\jdk1.8\jre\lib\resources.jar;F:\java\jdk1.8\jre\lib\rt.jar;F:\java\jdk1.8\jre\lib\sunrsasign.jar;F:\java\jdk1.8\jre\lib\jsse.jar;F:\java\jdk1.8\jre\lib\jce.jar;F:\java\jdk1.8\jre\lib\charsets.jar;F:\java\jdk1.8\jre\lib\jfr.jar;F:\java\jdk1.8\jre\classes"/>
    <property name="java.vendor" value="Oracle Corporation"/>
    <property name="maven.home" value="F:\java\apache-maven-3.5.0"/>
    <property name="file.separator" value="\"/>
    <property name="java.vendor.url.bug" value="http://bugreport.sun.com/bugreport/"/>
    <property name="sun.cpu.endian" value="little"/>
    <property name="sun.io.unicode.encoding" value="UnicodeLittle"/>
    <property name="sun.desktop" value="windows"/>
    <property name="sun.cpu.isalist" value="amd64"/>
  </properties>
</testsuite>